
ROM used:   530/8192 (6%)
            530/8192 (6%) including unused fragments

            0.2 Average locations per line
            1.6 Average locations per statement

RAM used:   8/368 (2%) at main() level
            31/368 (8%) worst case

Stack used: 0 worst case (0 in main + 0 for interrupts)
Stack size: 8

Lines Stmts  %   Files
----- ----- ---  -----
  132    69  21  main.c
  758     0   0  ..\..\..\..\..\..\Program Files (x86)\PICC\Devices\16F887.h
 2229   257  79  ..\..\..\..\..\..\Program Files (x86)\PICC\Drivers\math.h
----- -----
 3119   326 Total

Page ROM  %  RAM   Vol Diff  Functions:
---- --- --- ---   --- ----  ----------
0     20   4    1             @delay_us1
0    506  95    3  2516  7.4  MAIN
 Inline         0             @cinit1

Program metrics:
    Functions               1
    Statements              326
    Comments                379
    Volume (V)              2522
    Difficulty (D)          7.3
    Effort to implement (E) 18353
    Time to implement (T)   17 minutes
    Est Delivered Bugs (B)  0
    Cyclomatic Complexity   10
    Maintainability (MI)    -13

 Segment     Used  Free
-----------  ----  ----
00000-00003     4  0  
00004-007FF   526  1518  
00800-00FFF     0  2048  
01000-017FF     0  2048  
01800-01FFF     0  2048  



